<?xml version="1.0" encoding="UTF-8"?>
<coverage generated="1713929669786" clover="3.2.0">
  <project timestamp="1713929669786" name="All files">
    <metrics statements="87" coveredstatements="31" conditionals="34" coveredconditionals="1" methods="16" coveredmethods="6" elements="137" coveredelements="38" complexity="0" loc="87" ncloc="87" packages="1" files="6" classes="6"/>
    <file name="addition.js" path="D:\git_web\CoolKidsClub-Gym\GYM\Projet_etudiant1\views\tests_JS\addition.js">
      <metrics statements="2" coveredstatements="2" conditionals="0" coveredconditionals="0" methods="1" coveredmethods="1"/>
      <line num="2" count="1" type="stmt"/>
      <line num="9" count="1" type="stmt"/>
    </file>
    <file name="ajouterArticle.js" path="D:\git_web\CoolKidsClub-Gym\GYM\Projet_etudiant1\views\tests_JS\ajouterArticle.js">
      <metrics statements="39" coveredstatements="12" conditionals="16" coveredconditionals="1" methods="6" coveredmethods="1"/>
      <line num="4" count="2" type="stmt"/>
      <line num="5" count="2" type="stmt"/>
      <line num="6" count="2" type="stmt"/>
      <line num="7" count="2" type="stmt"/>
      <line num="8" count="2" type="stmt"/>
      <line num="9" count="2" type="stmt"/>
      <line num="10" count="2" type="stmt"/>
      <line num="11" count="2" type="stmt"/>
      <line num="13" count="2" type="cond" truecount="1" falsecount="1"/>
      <line num="15" count="2" type="stmt"/>
      <line num="16" count="2" type="stmt"/>
      <line num="17" count="0" type="cond" truecount="0" falsecount="2"/>
      <line num="18" count="0" type="stmt"/>
      <line num="19" count="0" type="stmt"/>
      <line num="22" count="0" type="cond" truecount="0" falsecount="2"/>
      <line num="24" count="0" type="stmt"/>
      <line num="25" count="0" type="stmt"/>
      <line num="26" count="0" type="cond" truecount="0" falsecount="2"/>
      <line num="27" count="0" type="stmt"/>
      <line num="29" count="0" type="stmt"/>
      <line num="34" count="0" type="stmt"/>
      <line num="36" count="0" type="stmt"/>
      <line num="38" count="0" type="stmt"/>
      <line num="39" count="0" type="cond" truecount="0" falsecount="2"/>
      <line num="40" count="0" type="stmt"/>
      <line num="41" count="0" type="stmt"/>
      <line num="42" count="0" type="stmt"/>
      <line num="43" count="0" type="cond" truecount="0" falsecount="2"/>
      <line num="44" count="0" type="stmt"/>
      <line num="46" count="0" type="stmt"/>
      <line num="49" count="0" type="cond" truecount="0" falsecount="2"/>
      <line num="50" count="0" type="stmt"/>
      <line num="51" count="0" type="stmt"/>
      <line num="52" count="0" type="stmt"/>
      <line num="53" count="0" type="cond" truecount="0" falsecount="2"/>
      <line num="54" count="0" type="stmt"/>
      <line num="56" count="0" type="stmt"/>
      <line num="60" count="0" type="stmt"/>
      <line num="66" count="1" type="stmt"/>
    </file>
    <file name="connection.js" path="D:\git_web\CoolKidsClub-Gym\GYM\Projet_etudiant1\views\tests_JS\connection.js">
      <metrics statements="25" coveredstatements="9" conditionals="10" coveredconditionals="0" methods="3" coveredmethods="1"/>
      <line num="1" count="1" type="stmt"/>
      <line num="3" count="1" type="stmt"/>
      <line num="5" count="1" type="stmt"/>
      <line num="12" count="1" type="stmt"/>
      <line num="18" count="1" type="stmt"/>
      <line num="19" count="3" type="stmt"/>
      <line num="21" count="3" type="stmt"/>
      <line num="22" count="3" type="stmt"/>
      <line num="23" count="0" type="cond" truecount="0" falsecount="2"/>
      <line num="24" count="0" type="stmt"/>
      <line num="25" count="0" type="stmt"/>
      <line num="28" count="0" type="cond" truecount="0" falsecount="2"/>
      <line num="29" count="0" type="stmt"/>
      <line num="32" count="0" type="stmt"/>
      <line num="35" count="0" type="stmt"/>
      <line num="36" count="0" type="cond" truecount="0" falsecount="2"/>
      <line num="37" count="0" type="stmt"/>
      <line num="38" count="0" type="stmt"/>
      <line num="41" count="0" type="cond" truecount="0" falsecount="2"/>
      <line num="43" count="0" type="stmt"/>
      <line num="47" count="0" type="cond" truecount="0" falsecount="2"/>
      <line num="48" count="0" type="stmt"/>
      <line num="50" count="0" type="stmt"/>
      <line num="53" count="0" type="stmt"/>
      <line num="59" count="1" type="stmt"/>
    </file>
    <file name="creationCompte.js" path="D:\git_web\CoolKidsClub-Gym\GYM\Projet_etudiant1\views\tests_JS\creationCompte.js">
      <metrics statements="17" coveredstatements="4" conditionals="8" coveredconditionals="0" methods="4" coveredmethods="1"/>
      <line num="4" count="2" type="stmt"/>
      <line num="6" count="2" type="stmt"/>
      <line num="7" count="2" type="stmt"/>
      <line num="8" count="0" type="cond" truecount="0" falsecount="2"/>
      <line num="9" count="0" type="stmt"/>
      <line num="12" count="0" type="cond" truecount="0" falsecount="2"/>
      <line num="13" count="0" type="stmt"/>
      <line num="16" count="0" type="stmt"/>
      <line num="17" count="0" type="cond" truecount="0" falsecount="2"/>
      <line num="18" count="0" type="stmt"/>
      <line num="21" count="0" type="stmt"/>
      <line num="22" count="0" type="stmt"/>
      <line num="24" count="0" type="stmt"/>
      <line num="25" count="0" type="cond" truecount="0" falsecount="2"/>
      <line num="26" count="0" type="stmt"/>
      <line num="28" count="0" type="stmt"/>
      <line num="34" count="1" type="stmt"/>
    </file>
    <file name="dupliquerArray.js" path="D:\git_web\CoolKidsClub-Gym\GYM\Projet_etudiant1\views\tests_JS\dupliquerArray.js">
      <metrics statements="2" coveredstatements="2" conditionals="0" coveredconditionals="0" methods="1" coveredmethods="1"/>
      <line num="2" count="2" type="stmt"/>
      <line num="5" count="1" type="stmt"/>
    </file>
    <file name="soustraire.js" path="D:\git_web\CoolKidsClub-Gym\GYM\Projet_etudiant1\views\tests_JS\soustraire.js">
      <metrics statements="2" coveredstatements="2" conditionals="0" coveredconditionals="0" methods="1" coveredmethods="1"/>
      <line num="2" count="1" type="stmt"/>
      <line num="5" count="1" type="stmt"/>
    </file>
  </project>
</coverage>
