<?xml version="1.0" encoding="UTF-8"?>
<coverage generated="1713836092070" clover="3.2.0">
  <project timestamp="1713836092070" name="All files">
    <metrics statements="31" coveredstatements="15" conditionals="10" coveredconditionals="0" methods="6" coveredmethods="4" elements="47" coveredelements="19" complexity="0" loc="31" ncloc="31" packages="1" files="4" classes="4"/>
    <file name="addition.js" path="D:\git_web\CoolKidsClub-Gym\GYM\Projet_etudiant1\views\tests_JS\addition.js">
      <metrics statements="2" coveredstatements="2" conditionals="0" coveredconditionals="0" methods="1" coveredmethods="1"/>
      <line num="2" count="1" type="stmt"/>
      <line num="9" count="1" type="stmt"/>
    </file>
    <file name="connection.js" path="D:\git_web\CoolKidsClub-Gym\GYM\Projet_etudiant1\views\tests_JS\connection.js">
      <metrics statements="25" coveredstatements="9" conditionals="10" coveredconditionals="0" methods="3" coveredmethods="1"/>
      <line num="1" count="1" type="stmt"/>
      <line num="3" count="1" type="stmt"/>
      <line num="5" count="1" type="stmt"/>
      <line num="12" count="1" type="stmt"/>
      <line num="18" count="1" type="stmt"/>
      <line num="19" count="3" type="stmt"/>
      <line num="21" count="3" type="stmt"/>
      <line num="22" count="3" type="stmt"/>
      <line num="23" count="0" type="cond" truecount="0" falsecount="2"/>
      <line num="24" count="0" type="stmt"/>
      <line num="25" count="0" type="stmt"/>
      <line num="28" count="0" type="cond" truecount="0" falsecount="2"/>
      <line num="29" count="0" type="stmt"/>
      <line num="32" count="0" type="stmt"/>
      <line num="35" count="0" type="stmt"/>
      <line num="36" count="0" type="cond" truecount="0" falsecount="2"/>
      <line num="37" count="0" type="stmt"/>
      <line num="38" count="0" type="stmt"/>
      <line num="41" count="0" type="cond" truecount="0" falsecount="2"/>
      <line num="43" count="0" type="stmt"/>
      <line num="47" count="0" type="cond" truecount="0" falsecount="2"/>
      <line num="48" count="0" type="stmt"/>
      <line num="50" count="0" type="stmt"/>
      <line num="53" count="0" type="stmt"/>
      <line num="59" count="1" type="stmt"/>
    </file>
    <file name="dupliquerArray.js" path="D:\git_web\CoolKidsClub-Gym\GYM\Projet_etudiant1\views\tests_JS\dupliquerArray.js">
      <metrics statements="2" coveredstatements="2" conditionals="0" coveredconditionals="0" methods="1" coveredmethods="1"/>
      <line num="2" count="2" type="stmt"/>
      <line num="5" count="1" type="stmt"/>
    </file>
    <file name="soustraire.js" path="D:\git_web\CoolKidsClub-Gym\GYM\Projet_etudiant1\views\tests_JS\soustraire.js">
      <metrics statements="2" coveredstatements="2" conditionals="0" coveredconditionals="0" methods="1" coveredmethods="1"/>
      <line num="2" count="1" type="stmt"/>
      <line num="5" count="1" type="stmt"/>
    </file>
  </project>
</coverage>
