{"D:\\git_web\\CoolKidsClub-Gym\\GYM\\Projet_etudiant1\\views\\tests_JS\\addition.js": {"path":"D:\\git_web\\CoolKidsClub-Gym\\GYM\\Projet_etudiant1\\views\\tests_JS\\addition.js","statementMap":{"0":{"start":{"line":2,"column":4},"end":{"line":2,"column":16}},"1":{"start":{"line":9,"column":0},"end":{"line":9,"column":25}}},"fnMap":{"0":{"name":"addition","decl":{"start":{"line":1,"column":9},"end":{"line":1,"column":17}},"loc":{"start":{"line":1,"column":23},"end":{"line":3,"column":1}},"line":1}},"branchMap":{},"s":{"0":1,"1":1},"f":{"0":1},"b":{},"_coverageSchema":"1a1c01bbd47fc00a2c39e90264f33305004495a9","hash":"50859211dd44d208df3892468b8ab5454896094f"}
,"D:\\git_web\\CoolKidsClub-Gym\\GYM\\Projet_etudiant1\\views\\tests_JS\\connection.js": {"path":"D:\\git_web\\CoolKidsClub-Gym\\GYM\\Projet_etudiant1\\views\\tests_JS\\connection.js","statementMap":{"0":{"start":{"line":1,"column":15},"end":{"line":1,"column":32}},"1":{"start":{"line":3,"column":14},"end":{"line":3,"column":30}},"2":{"start":{"line":5,"column":12},"end":{"line":10,"column":2}},"3":{"start":{"line":12,"column":19},"end":{"line":51,"column":1}},"4":{"start":{"line":13,"column":32},"end":{"line":13,"column":40}},"5":{"start":{"line":15,"column":28},"end":{"line":15,"column":73}},"6":{"start":{"line":16,"column":4},"end":{"line":50,"column":7}},"7":{"start":{"line":17,"column":8},"end":{"line":20,"column":9}},"8":{"start":{"line":18,"column":12},"end":{"line":18,"column":56}},"9":{"start":{"line":19,"column":12},"end":{"line":19,"column":65}},"10":{"start":{"line":22,"column":8},"end":{"line":24,"column":9}},"11":{"start":{"line":23,"column":12},"end":{"line":23,"column":59}},"12":{"start":{"line":26,"column":21},"end":{"line":26,"column":30}},"13":{"start":{"line":29,"column":8},"end":{"line":49,"column":11}},"14":{"start":{"line":30,"column":12},"end":{"line":33,"column":13}},"15":{"start":{"line":31,"column":16},"end":{"line":31,"column":72}},"16":{"start":{"line":32,"column":16},"end":{"line":32,"column":69}},"17":{"start":{"line":35,"column":12},"end":{"line":48,"column":13}},"18":{"start":{"line":37,"column":16},"end":{"line":40,"column":18}},"19":{"start":{"line":41,"column":16},"end":{"line":43,"column":17}},"20":{"start":{"line":42,"column":20},"end":{"line":42,"column":52}},"21":{"start":{"line":44,"column":16},"end":{"line":44,"column":46}},"22":{"start":{"line":47,"column":16},"end":{"line":47,"column":59}},"23":{"start":{"line":53,"column":0},"end":{"line":53,"column":28}}},"fnMap":{"0":{"name":"(anonymous_0)","decl":{"start":{"line":12,"column":19},"end":{"line":12,"column":20}},"loc":{"start":{"line":12,"column":33},"end":{"line":51,"column":1}},"line":12},"1":{"name":"(anonymous_1)","decl":{"start":{"line":16,"column":40},"end":{"line":16,"column":41}},"loc":{"start":{"line":16,"column":57},"end":{"line":50,"column":5}},"line":16},"2":{"name":"(anonymous_2)","decl":{"start":{"line":29,"column":50},"end":{"line":29,"column":51}},"loc":{"start":{"line":29,"column":75},"end":{"line":49,"column":9}},"line":29}},"branchMap":{"0":{"loc":{"start":{"line":17,"column":8},"end":{"line":20,"column":9}},"type":"if","locations":[{"start":{"line":17,"column":8},"end":{"line":20,"column":9}},{"start":{},"end":{}}],"line":17},"1":{"loc":{"start":{"line":22,"column":8},"end":{"line":24,"column":9}},"type":"if","locations":[{"start":{"line":22,"column":8},"end":{"line":24,"column":9}},{"start":{},"end":{}}],"line":22},"2":{"loc":{"start":{"line":30,"column":12},"end":{"line":33,"column":13}},"type":"if","locations":[{"start":{"line":30,"column":12},"end":{"line":33,"column":13}},{"start":{},"end":{}}],"line":30},"3":{"loc":{"start":{"line":35,"column":12},"end":{"line":48,"column":13}},"type":"if","locations":[{"start":{"line":35,"column":12},"end":{"line":48,"column":13}},{"start":{"line":45,"column":19},"end":{"line":48,"column":13}}],"line":35},"4":{"loc":{"start":{"line":41,"column":16},"end":{"line":43,"column":17}},"type":"if","locations":[{"start":{"line":41,"column":16},"end":{"line":43,"column":17}},{"start":{},"end":{}}],"line":41}},"s":{"0":1,"1":1,"2":1,"3":1,"4":1,"5":1,"6":1,"7":0,"8":0,"9":0,"10":0,"11":0,"12":0,"13":0,"14":0,"15":0,"16":0,"17":0,"18":0,"19":0,"20":0,"21":0,"22":0,"23":1},"f":{"0":1,"1":0,"2":0},"b":{"0":[0,0],"1":[0,0],"2":[0,0],"3":[0,0],"4":[0,0]},"_coverageSchema":"1a1c01bbd47fc00a2c39e90264f33305004495a9","hash":"d7046cd73f38cf988bc6d0e1de910ac5eac43610"}
,"D:\\git_web\\CoolKidsClub-Gym\\GYM\\Projet_etudiant1\\views\\tests_JS\\dupliquerArray.js": {"path":"D:\\git_web\\CoolKidsClub-Gym\\GYM\\Projet_etudiant1\\views\\tests_JS\\dupliquerArray.js","statementMap":{"0":{"start":{"line":2,"column":4},"end":{"line":2,"column":21}},"1":{"start":{"line":5,"column":0},"end":{"line":5,"column":31}}},"fnMap":{"0":{"name":"dupliquerArray","decl":{"start":{"line":1,"column":9},"end":{"line":1,"column":23}},"loc":{"start":{"line":1,"column":30},"end":{"line":3,"column":1}},"line":1}},"branchMap":{},"s":{"0":2,"1":1},"f":{"0":2},"b":{},"_coverageSchema":"1a1c01bbd47fc00a2c39e90264f33305004495a9","hash":"db19cc838706f2fb97962a6fa89b1d0dcea1dc20"}
,"D:\\git_web\\CoolKidsClub-Gym\\GYM\\Projet_etudiant1\\views\\tests_JS\\soustraire.js": {"path":"D:\\git_web\\CoolKidsClub-Gym\\GYM\\Projet_etudiant1\\views\\tests_JS\\soustraire.js","statementMap":{"0":{"start":{"line":2,"column":4},"end":{"line":2,"column":16}},"1":{"start":{"line":5,"column":0},"end":{"line":5,"column":27}}},"fnMap":{"0":{"name":"soustraire","decl":{"start":{"line":1,"column":9},"end":{"line":1,"column":19}},"loc":{"start":{"line":1,"column":24},"end":{"line":3,"column":1}},"line":1}},"branchMap":{},"s":{"0":1,"1":1},"f":{"0":1},"b":{},"_coverageSchema":"1a1c01bbd47fc00a2c39e90264f33305004495a9","hash":"533f58ebd21c2a019a81ec1d516b9df526c0eafa"}
}
