{"D:\\git_web\\CoolKidsClub-Gym\\GYM\\Projet_etudiant1\\views\\tests_JS\\addition.js": {"path":"D:\\git_web\\CoolKidsClub-Gym\\GYM\\Projet_etudiant1\\views\\tests_JS\\addition.js","statementMap":{"0":{"start":{"line":2,"column":4},"end":{"line":2,"column":16}},"1":{"start":{"line":6,"column":4},"end":{"line":6,"column":30}},"2":{"start":{"line":9,"column":0},"end":{"line":9,"column":25}}},"fnMap":{"0":{"name":"addition","decl":{"start":{"line":1,"column":9},"end":{"line":1,"column":17}},"loc":{"start":{"line":1,"column":23},"end":{"line":3,"column":1}},"line":1},"1":{"name":"toConsole","decl":{"start":{"line":5,"column":9},"end":{"line":5,"column":18}},"loc":{"start":{"line":5,"column":20},"end":{"line":7,"column":1}},"line":5}},"branchMap":{},"s":{"0":1,"1":0,"2":1},"f":{"0":1,"1":0},"b":{},"_coverageSchema":"1a1c01bbd47fc00a2c39e90264f33305004495a9","hash":"b52ef7115205dac63f94db50dfed420aa1f876c9"}
,"D:\\git_web\\CoolKidsClub-Gym\\GYM\\Projet_etudiant1\\views\\tests_JS\\dupliquerArray.js": {"path":"D:\\git_web\\CoolKidsClub-Gym\\GYM\\Projet_etudiant1\\views\\tests_JS\\dupliquerArray.js","statementMap":{"0":{"start":{"line":2,"column":4},"end":{"line":2,"column":21}},"1":{"start":{"line":5,"column":0},"end":{"line":5,"column":31}}},"fnMap":{"0":{"name":"dupliquerArray","decl":{"start":{"line":1,"column":9},"end":{"line":1,"column":23}},"loc":{"start":{"line":1,"column":30},"end":{"line":3,"column":1}},"line":1}},"branchMap":{},"s":{"0":2,"1":1},"f":{"0":2},"b":{},"_coverageSchema":"1a1c01bbd47fc00a2c39e90264f33305004495a9","hash":"db19cc838706f2fb97962a6fa89b1d0dcea1dc20"}
,"D:\\git_web\\CoolKidsClub-Gym\\GYM\\Projet_etudiant1\\views\\tests_JS\\soustraire.js": {"path":"D:\\git_web\\CoolKidsClub-Gym\\GYM\\Projet_etudiant1\\views\\tests_JS\\soustraire.js","statementMap":{"0":{"start":{"line":2,"column":4},"end":{"line":2,"column":16}},"1":{"start":{"line":5,"column":0},"end":{"line":5,"column":27}}},"fnMap":{"0":{"name":"soustraire","decl":{"start":{"line":1,"column":9},"end":{"line":1,"column":19}},"loc":{"start":{"line":1,"column":24},"end":{"line":3,"column":1}},"line":1}},"branchMap":{},"s":{"0":1,"1":1},"f":{"0":1},"b":{},"_coverageSchema":"1a1c01bbd47fc00a2c39e90264f33305004495a9","hash":"533f58ebd21c2a019a81ec1d516b9df526c0eafa"}
}
