TN:
SF:views\tests_JS\addition.js
FN:1,addition
FNF:1
FNH:1
FNDA:1,addition
DA:2,1
DA:9,1
LF:2
LH:2
BRF:0
BRH:0
end_of_record
TN:
SF:views\tests_JS\connection.js
FN:12,(anonymous_0)
FN:16,(anonymous_1)
FN:29,(anonymous_2)
FNF:3
FNH:1
FNDA:1,(anonymous_0)
FNDA:0,(anonymous_1)
FNDA:0,(anonymous_2)
DA:1,1
DA:3,1
DA:5,1
DA:12,1
DA:13,1
DA:15,1
DA:16,1
DA:17,0
DA:18,0
DA:19,0
DA:22,0
DA:23,0
DA:26,0
DA:29,0
DA:30,0
DA:31,0
DA:32,0
DA:35,0
DA:37,0
DA:41,0
DA:42,0
DA:44,0
DA:47,0
DA:53,1
LF:24
LH:8
BRDA:17,0,0,0
BRDA:17,0,1,0
BRDA:22,1,0,0
BRDA:22,1,1,0
BRDA:30,2,0,0
BRDA:30,2,1,0
BRDA:35,3,0,0
BRDA:35,3,1,0
BRDA:41,4,0,0
BRDA:41,4,1,0
BRF:10
BRH:0
end_of_record
TN:
SF:views\tests_JS\dupliquerArray.js
FN:1,dupliquerArray
FNF:1
FNH:1
FNDA:2,dupliquerArray
DA:2,2
DA:5,1
LF:2
LH:2
BRF:0
BRH:0
end_of_record
TN:
SF:views\tests_JS\soustraire.js
FN:1,soustraire
FNF:1
FNH:1
FNDA:1,soustraire
DA:2,1
DA:5,1
LF:2
LH:2
BRF:0
BRH:0
end_of_record
